{"F:\\Coding sUcks\\React\\Food-ordering\\src\\Components\\Body.js": {"path":"F:\\Coding sUcks\\React\\Food-ordering\\src\\Components\\Body.js","statementMap":{"0":{"start":{"line":9,"column":13},"end":{"line":207,"column":1}},"1":{"start":{"line":63,"column":48},"end":{"line":63,"column":60}},"2":{"start":{"line":64,"column":39},"end":{"line":64,"column":51}},"3":{"start":{"line":66,"column":37},"end":{"line":66,"column":49}},"4":{"start":{"line":68,"column":33},"end":{"line":68,"column":66}},"5":{"start":{"line":80,"column":4},"end":{"line":82,"column":10}},"6":{"start":{"line":81,"column":6},"end":{"line":81,"column":18}},"7":{"start":{"line":84,"column":22},"end":{"line":93,"column":5}},"8":{"start":{"line":85,"column":19},"end":{"line":85,"column":170}},"9":{"start":{"line":87,"column":17},"end":{"line":87,"column":34}},"10":{"start":{"line":91,"column":6},"end":{"line":91,"column":102}},"11":{"start":{"line":92,"column":6},"end":{"line":92,"column":98}},"12":{"start":{"line":97,"column":26},"end":{"line":146,"column":5}},"13":{"start":{"line":148,"column":23},"end":{"line":148,"column":41}},"14":{"start":{"line":150,"column":4},"end":{"line":150,"column":101}},"15":{"start":{"line":150,"column":29},"end":{"line":150,"column":101}},"16":{"start":{"line":153,"column":4},"end":{"line":155,"column":5}},"17":{"start":{"line":154,"column":6},"end":{"line":154,"column":24}},"18":{"start":{"line":157,"column":37},"end":{"line":157,"column":60}},"19":{"start":{"line":159,"column":16},"end":{"line":161,"column":3}},"20":{"start":{"line":167,"column":4},"end":{"line":205,"column":6}},"21":{"start":{"line":172,"column":16},"end":{"line":172,"column":46}},"22":{"start":{"line":175,"column":16},"end":{"line":175,"column":40}},"23":{"start":{"line":176,"column":35},"end":{"line":176,"column":131}},"24":{"start":{"line":176,"column":68},"end":{"line":176,"column":130}},"25":{"start":{"line":178,"column":16},"end":{"line":178,"column":46}},"26":{"start":{"line":183,"column":37},"end":{"line":183,"column":90}},"27":{"start":{"line":183,"column":69},"end":{"line":183,"column":89}},"28":{"start":{"line":185,"column":16},"end":{"line":185,"column":47}},"29":{"start":{"line":193,"column":102},"end":{"line":193,"column":129}},"30":{"start":{"line":198,"column":20},"end":{"line":201,"column":72}}},"fnMap":{"0":{"name":"(anonymous_0)","decl":{"start":{"line":9,"column":13},"end":{"line":9,"column":14}},"loc":{"start":{"line":9,"column":19},"end":{"line":207,"column":1}},"line":9},"1":{"name":"(anonymous_1)","decl":{"start":{"line":80,"column":14},"end":{"line":80,"column":15}},"loc":{"start":{"line":80,"column":18},"end":{"line":82,"column":5}},"line":80},"2":{"name":"(anonymous_2)","decl":{"start":{"line":84,"column":22},"end":{"line":84,"column":23}},"loc":{"start":{"line":84,"column":34},"end":{"line":93,"column":5}},"line":84},"3":{"name":"(anonymous_3)","decl":{"start":{"line":171,"column":120},"end":{"line":171,"column":121}},"loc":{"start":{"line":171,"column":125},"end":{"line":173,"column":15}},"line":171},"4":{"name":"(anonymous_4)","decl":{"start":{"line":174,"column":77},"end":{"line":174,"column":78}},"loc":{"start":{"line":174,"column":83},"end":{"line":179,"column":15}},"line":174},"5":{"name":"(anonymous_5)","decl":{"start":{"line":176,"column":59},"end":{"line":176,"column":60}},"loc":{"start":{"line":176,"column":68},"end":{"line":176,"column":130}},"line":176},"6":{"name":"(anonymous_6)","decl":{"start":{"line":181,"column":102},"end":{"line":181,"column":103}},"loc":{"start":{"line":181,"column":108},"end":{"line":190,"column":15}},"line":181},"7":{"name":"(anonymous_7)","decl":{"start":{"line":183,"column":61},"end":{"line":183,"column":62}},"loc":{"start":{"line":183,"column":69},"end":{"line":183,"column":89}},"line":183},"8":{"name":"(anonymous_8)","decl":{"start":{"line":193,"column":96},"end":{"line":193,"column":97}},"loc":{"start":{"line":193,"column":102},"end":{"line":193,"column":129}},"line":193},"9":{"name":"(anonymous_9)","decl":{"start":{"line":197,"column":34},"end":{"line":197,"column":35}},"loc":{"start":{"line":197,"column":58},"end":{"line":202,"column":17}},"line":197}},"branchMap":{"0":{"loc":{"start":{"line":150,"column":4},"end":{"line":150,"column":101}},"type":"if","locations":[{"start":{"line":150,"column":4},"end":{"line":150,"column":101}},{"start":{},"end":{}}],"line":150},"1":{"loc":{"start":{"line":153,"column":4},"end":{"line":155,"column":5}},"type":"if","locations":[{"start":{"line":153,"column":4},"end":{"line":155,"column":5}},{"start":{},"end":{}}],"line":153},"2":{"loc":{"start":{"line":199,"column":23},"end":{"line":201,"column":64}},"type":"cond-expr","locations":[{"start":{"line":199,"column":51},"end":{"line":199,"column":98}},{"start":{"line":201,"column":23},"end":{"line":201,"column":63}}],"line":199}},"s":{"0":1,"1":8,"2":7,"3":7,"4":7,"5":7,"6":2,"7":7,"8":2,"9":2,"10":2,"11":2,"12":7,"13":7,"14":7,"15":0,"16":7,"17":2,"18":5,"19":5,"20":5,"21":1,"22":1,"23":1,"24":20,"25":1,"26":1,"27":20,"28":1,"29":0,"30":79},"f":{"0":8,"1":2,"2":2,"3":1,"4":1,"5":20,"6":1,"7":20,"8":0,"9":79},"b":{"0":[0,7],"1":[2,5],"2":[0,79]},"_coverageSchema":"1a1c01bbd47fc00a2c39e90264f33305004495a9","hash":"4281c5c35668adf714cb60d7a05d871a5a09c364"}
,"F:\\Coding sUcks\\React\\Food-ordering\\src\\Components\\Cart.js": {"path":"F:\\Coding sUcks\\React\\Food-ordering\\src\\Components\\Cart.js","statementMap":{"0":{"start":{"line":6,"column":12},"end":{"line":26,"column":1}},"1":{"start":{"line":7,"column":21},"end":{"line":7,"column":61}},"2":{"start":{"line":7,"column":44},"end":{"line":7,"column":60}},"3":{"start":{"line":9,"column":19},"end":{"line":9,"column":32}},"4":{"start":{"line":11,"column":26},"end":{"line":13,"column":5}},"5":{"start":{"line":12,"column":8},"end":{"line":12,"column":30}},"6":{"start":{"line":15,"column":4},"end":{"line":25,"column":11}}},"fnMap":{"0":{"name":"(anonymous_0)","decl":{"start":{"line":6,"column":12},"end":{"line":6,"column":13}},"loc":{"start":{"line":6,"column":16},"end":{"line":26,"column":1}},"line":6},"1":{"name":"(anonymous_1)","decl":{"start":{"line":7,"column":33},"end":{"line":7,"column":34}},"loc":{"start":{"line":7,"column":44},"end":{"line":7,"column":60}},"line":7},"2":{"name":"(anonymous_2)","decl":{"start":{"line":11,"column":26},"end":{"line":11,"column":27}},"loc":{"start":{"line":11,"column":30},"end":{"line":13,"column":5}},"line":11}},"branchMap":{"0":{"loc":{"start":{"line":22,"column":13},"end":{"line":22,"column":78}},"type":"binary-expr","locations":[{"start":{"line":22,"column":13},"end":{"line":22,"column":33}},{"start":{"line":22,"column":37},"end":{"line":22,"column":78}}],"line":22}},"s":{"0":1,"1":4,"2":8,"3":4,"4":4,"5":1,"6":4},"f":{"0":4,"1":8,"2":1},"b":{"0":[4,2]},"_coverageSchema":"1a1c01bbd47fc00a2c39e90264f33305004495a9","hash":"8a64f95b092a32c0795b0ef6e344031033b85a89"}
,"F:\\Coding sUcks\\React\\Food-ordering\\src\\Components\\ContactUs.js": {"path":"F:\\Coding sUcks\\React\\Food-ordering\\src\\Components\\ContactUs.js","statementMap":{"0":{"start":{"line":1,"column":23},"end":{"line":12,"column":1}},"1":{"start":{"line":2,"column":4},"end":{"line":11,"column":5}}},"fnMap":{"0":{"name":"(anonymous_0)","decl":{"start":{"line":1,"column":23},"end":{"line":1,"column":24}},"loc":{"start":{"line":1,"column":28},"end":{"line":12,"column":1}},"line":1}},"branchMap":{},"s":{"0":1,"1":4},"f":{"0":4},"b":{},"_coverageSchema":"1a1c01bbd47fc00a2c39e90264f33305004495a9","hash":"6b3e8a21e67c34e464a5ed9535e775b16fb44b75"}
,"F:\\Coding sUcks\\React\\Food-ordering\\src\\Components\\Header.js": {"path":"F:\\Coding sUcks\\React\\Food-ordering\\src\\Components\\Header.js","statementMap":{"0":{"start":{"line":10,"column":14},"end":{"line":54,"column":1}},"1":{"start":{"line":11,"column":33},"end":{"line":11,"column":50}},"2":{"start":{"line":17,"column":4},"end":{"line":19,"column":17}},"3":{"start":{"line":21,"column":23},"end":{"line":21,"column":40}},"4":{"start":{"line":23,"column":15},"end":{"line":23,"column":38}},"5":{"start":{"line":27,"column":20},"end":{"line":27,"column":60}},"6":{"start":{"line":27,"column":43},"end":{"line":27,"column":59}},"7":{"start":{"line":31,"column":4},"end":{"line":53,"column":5}},"8":{"start":{"line":46,"column":24},"end":{"line":46,"column":90}}},"fnMap":{"0":{"name":"(anonymous_0)","decl":{"start":{"line":10,"column":14},"end":{"line":10,"column":15}},"loc":{"start":{"line":10,"column":20},"end":{"line":54,"column":1}},"line":10},"1":{"name":"(anonymous_1)","decl":{"start":{"line":17,"column":14},"end":{"line":17,"column":15}},"loc":{"start":{"line":17,"column":18},"end":{"line":19,"column":5}},"line":17},"2":{"name":"(anonymous_2)","decl":{"start":{"line":27,"column":32},"end":{"line":27,"column":33}},"loc":{"start":{"line":27,"column":43},"end":{"line":27,"column":59}},"line":27},"3":{"name":"(anonymous_3)","decl":{"start":{"line":45,"column":90},"end":{"line":45,"column":91}},"loc":{"start":{"line":45,"column":95},"end":{"line":47,"column":21}},"line":45}},"branchMap":{"0":{"loc":{"start":{"line":39,"column":63},"end":{"line":39,"column":89}},"type":"cond-expr","locations":[{"start":{"line":39,"column":78},"end":{"line":39,"column":82}},{"start":{"line":39,"column":85},"end":{"line":39,"column":89}}],"line":39},"1":{"loc":{"start":{"line":46,"column":24},"end":{"line":46,"column":89}},"type":"cond-expr","locations":[{"start":{"line":46,"column":45},"end":{"line":46,"column":66}},{"start":{"line":46,"column":69},"end":{"line":46,"column":89}}],"line":46}},"s":{"0":2,"1":9,"2":9,"3":9,"4":9,"5":9,"6":17,"7":9,"8":1},"f":{"0":9,"1":6,"2":17,"3":1},"b":{"0":[9,0],"1":[1,0]},"_coverageSchema":"1a1c01bbd47fc00a2c39e90264f33305004495a9","hash":"afcf725287997e189197ae493e87b07edaddfdaa"}
,"F:\\Coding sUcks\\React\\Food-ordering\\src\\Components\\ItemList.js": {"path":"F:\\Coding sUcks\\React\\Food-ordering\\src\\Components\\ItemList.js","statementMap":{"0":{"start":{"line":5,"column":15},"end":{"line":34,"column":1}},"1":{"start":{"line":7,"column":19},"end":{"line":7,"column":32}},"2":{"start":{"line":9,"column":24},"end":{"line":12,"column":5}},"3":{"start":{"line":11,"column":8},"end":{"line":11,"column":32}},"4":{"start":{"line":14,"column":4},"end":{"line":33,"column":11}},"5":{"start":{"line":16,"column":12},"end":{"line":31,"column":18}},"6":{"start":{"line":27,"column":102},"end":{"line":27,"column":121}}},"fnMap":{"0":{"name":"(anonymous_0)","decl":{"start":{"line":5,"column":15},"end":{"line":5,"column":16}},"loc":{"start":{"line":5,"column":26},"end":{"line":34,"column":1}},"line":5},"1":{"name":"(anonymous_1)","decl":{"start":{"line":9,"column":24},"end":{"line":9,"column":25}},"loc":{"start":{"line":9,"column":32},"end":{"line":12,"column":5}},"line":9},"2":{"name":"(anonymous_2)","decl":{"start":{"line":15,"column":19},"end":{"line":15,"column":20}},"loc":{"start":{"line":16,"column":12},"end":{"line":31,"column":18}},"line":16},"3":{"name":"(anonymous_3)","decl":{"start":{"line":27,"column":96},"end":{"line":27,"column":97}},"loc":{"start":{"line":27,"column":102},"end":{"line":27,"column":121}},"line":27}},"branchMap":{},"s":{"0":1,"1":6,"2":6,"3":2,"4":6,"5":25,"6":2},"f":{"0":6,"1":2,"2":25,"3":2},"b":{},"_coverageSchema":"1a1c01bbd47fc00a2c39e90264f33305004495a9","hash":"9e1f9b6d91429674f478f64334d277e232c1d9a1"}
,"F:\\Coding sUcks\\React\\Food-ordering\\src\\Components\\RestuarantCard.js": {"path":"F:\\Coding sUcks\\React\\Food-ordering\\src\\Components\\RestuarantCard.js","statementMap":{"0":{"start":{"line":5,"column":22},"end":{"line":19,"column":1}},"1":{"start":{"line":6,"column":22},"end":{"line":6,"column":27}},"2":{"start":{"line":9,"column":67},"end":{"line":9,"column":80}},"3":{"start":{"line":10,"column":4},"end":{"line":18,"column":5}},"4":{"start":{"line":25,"column":33},"end":{"line":34,"column":1}},"5":{"start":{"line":26,"column":4},"end":{"line":33,"column":5}},"6":{"start":{"line":27,"column":8},"end":{"line":32,"column":10}}},"fnMap":{"0":{"name":"(anonymous_0)","decl":{"start":{"line":5,"column":22},"end":{"line":5,"column":23}},"loc":{"start":{"line":5,"column":33},"end":{"line":19,"column":1}},"line":5},"1":{"name":"(anonymous_1)","decl":{"start":{"line":25,"column":33},"end":{"line":25,"column":34}},"loc":{"start":{"line":25,"column":52},"end":{"line":34,"column":1}},"line":25},"2":{"name":"(anonymous_2)","decl":{"start":{"line":26,"column":11},"end":{"line":26,"column":12}},"loc":{"start":{"line":26,"column":20},"end":{"line":33,"column":5}},"line":26}},"branchMap":{},"s":{"0":2,"1":79,"2":79,"3":79,"4":2,"5":7,"6":0},"f":{"0":79,"1":7,"2":0},"b":{},"_coverageSchema":"1a1c01bbd47fc00a2c39e90264f33305004495a9","hash":"13dfee803d6230c41fd81b35dec8965b1c3c3753"}
,"F:\\Coding sUcks\\React\\Food-ordering\\src\\Components\\RestuarantCategory.js": {"path":"F:\\Coding sUcks\\React\\Food-ordering\\src\\Components\\RestuarantCategory.js","statementMap":{"0":{"start":{"line":4,"column":25},"end":{"line":28,"column":1}},"1":{"start":{"line":9,"column":22},"end":{"line":14,"column":5}},"2":{"start":{"line":11,"column":8},"end":{"line":11,"column":23}},"3":{"start":{"line":15,"column":4},"end":{"line":27,"column":5}}},"fnMap":{"0":{"name":"(anonymous_0)","decl":{"start":{"line":4,"column":25},"end":{"line":4,"column":26}},"loc":{"start":{"line":4,"column":63},"end":{"line":28,"column":1}},"line":4},"1":{"name":"(anonymous_1)","decl":{"start":{"line":9,"column":22},"end":{"line":9,"column":23}},"loc":{"start":{"line":9,"column":26},"end":{"line":14,"column":5}},"line":9}},"branchMap":{"0":{"loc":{"start":{"line":23,"column":21},"end":{"line":23,"column":68}},"type":"binary-expr","locations":[{"start":{"line":23,"column":21},"end":{"line":23,"column":30}},{"start":{"line":23,"column":34},"end":{"line":23,"column":68}}],"line":23}},"s":{"0":1,"1":38,"2":1,"3":38},"f":{"0":38,"1":1},"b":{"0":[38,2]},"_coverageSchema":"1a1c01bbd47fc00a2c39e90264f33305004495a9","hash":"b54a35b095aee9032a599574e6deef88e782b46d"}
,"F:\\Coding sUcks\\React\\Food-ordering\\src\\Components\\RestuarantMenu.js": {"path":"F:\\Coding sUcks\\React\\Food-ordering\\src\\Components\\RestuarantMenu.js","statementMap":{"0":{"start":{"line":8,"column":21},"end":{"line":56,"column":1}},"1":{"start":{"line":11,"column":18},"end":{"line":11,"column":29}},"2":{"start":{"line":13,"column":18},"end":{"line":13,"column":42}},"3":{"start":{"line":15,"column":36},"end":{"line":15,"column":47}},"4":{"start":{"line":30,"column":4},"end":{"line":30,"column":42}},"5":{"start":{"line":30,"column":23},"end":{"line":30,"column":42}},"6":{"start":{"line":33,"column":47},"end":{"line":33,"column":82}},"7":{"start":{"line":35,"column":25},"end":{"line":35,"column":100}},"8":{"start":{"line":37,"column":21},"end":{"line":37,"column":184}},"9":{"start":{"line":37,"column":95},"end":{"line":37,"column":183}},"10":{"start":{"line":42,"column":4},"end":{"line":55,"column":5}},"11":{"start":{"line":48,"column":16},"end":{"line":52,"column":18}},"12":{"start":{"line":51,"column":38},"end":{"line":51,"column":57}}},"fnMap":{"0":{"name":"(anonymous_0)","decl":{"start":{"line":8,"column":21},"end":{"line":8,"column":22}},"loc":{"start":{"line":8,"column":26},"end":{"line":56,"column":1}},"line":8},"1":{"name":"(anonymous_1)","decl":{"start":{"line":37,"column":89},"end":{"line":37,"column":90}},"loc":{"start":{"line":37,"column":95},"end":{"line":37,"column":183}},"line":37},"2":{"name":"(anonymous_2)","decl":{"start":{"line":47,"column":28},"end":{"line":47,"column":29}},"loc":{"start":{"line":48,"column":16},"end":{"line":52,"column":18}},"line":48},"3":{"name":"(anonymous_3)","decl":{"start":{"line":51,"column":34},"end":{"line":51,"column":35}},"loc":{"start":{"line":51,"column":38},"end":{"line":51,"column":57}},"line":51}},"branchMap":{"0":{"loc":{"start":{"line":30,"column":4},"end":{"line":30,"column":42}},"type":"if","locations":[{"start":{"line":30,"column":4},"end":{"line":30,"column":42}},{"start":{},"end":{}}],"line":30},"1":{"loc":{"start":{"line":50,"column":31},"end":{"line":50,"column":62}},"type":"cond-expr","locations":[{"start":{"line":50,"column":51},"end":{"line":50,"column":55}},{"start":{"line":50,"column":57},"end":{"line":50,"column":62}}],"line":50}},"s":{"0":1,"1":3,"2":3,"3":3,"4":3,"5":1,"6":2,"7":2,"8":2,"9":50,"10":2,"11":38,"12":1},"f":{"0":3,"1":50,"2":38,"3":1},"b":{"0":[1,2],"1":[2,36]},"_coverageSchema":"1a1c01bbd47fc00a2c39e90264f33305004495a9","hash":"34547519b3a4eea4be5c1076d6a3468d167dde4e"}
,"F:\\Coding sUcks\\React\\Food-ordering\\src\\Components\\Shimmer.jsx": {"path":"F:\\Coding sUcks\\React\\Food-ordering\\src\\Components\\Shimmer.jsx","statementMap":{"0":{"start":{"line":1,"column":14},"end":{"line":18,"column":1}},"1":{"start":{"line":2,"column":4},"end":{"line":17,"column":19}}},"fnMap":{"0":{"name":"(anonymous_0)","decl":{"start":{"line":1,"column":14},"end":{"line":1,"column":15}},"loc":{"start":{"line":1,"column":18},"end":{"line":18,"column":1}},"line":1}},"branchMap":{},"s":{"0":2,"1":3},"f":{"0":3},"b":{},"_coverageSchema":"1a1c01bbd47fc00a2c39e90264f33305004495a9","hash":"57f9e971c438c2d7a05a680437f46a4640eb260f"}
,"F:\\Coding sUcks\\React\\Food-ordering\\src\\Components\\sum.js": {"path":"F:\\Coding sUcks\\React\\Food-ordering\\src\\Components\\sum.js","statementMap":{"0":{"start":{"line":1,"column":10},"end":{"line":3,"column":1}},"1":{"start":{"line":2,"column":4},"end":{"line":2,"column":14}}},"fnMap":{"0":{"name":"(anonymous_0)","decl":{"start":{"line":1,"column":10},"end":{"line":1,"column":11}},"loc":{"start":{"line":1,"column":18},"end":{"line":3,"column":1}},"line":1}},"branchMap":{},"s":{"0":1,"1":1},"f":{"0":1},"b":{},"_coverageSchema":"1a1c01bbd47fc00a2c39e90264f33305004495a9","hash":"8da7a9a2ab0b43f260df59117beed8129cda4a57"}
,"F:\\Coding sUcks\\React\\Food-ordering\\src\\Utils\\UserContext.js": {"path":"F:\\Coding sUcks\\React\\Food-ordering\\src\\Utils\\UserContext.js","statementMap":{"0":{"start":{"line":3,"column":20},"end":{"line":5,"column":2}}},"fnMap":{},"branchMap":{},"s":{"0":3},"f":{},"b":{},"_coverageSchema":"1a1c01bbd47fc00a2c39e90264f33305004495a9","hash":"31af3418b413a5e4e62b3e0d48d9254ead0d2484"}
,"F:\\Coding sUcks\\React\\Food-ordering\\src\\Utils\\appStore.js": {"path":"F:\\Coding sUcks\\React\\Food-ordering\\src\\Utils\\appStore.js","statementMap":{"0":{"start":{"line":4,"column":16},"end":{"line":8,"column":2}}},"fnMap":{},"branchMap":{},"s":{"0":2},"f":{},"b":{},"_coverageSchema":"1a1c01bbd47fc00a2c39e90264f33305004495a9","hash":"ec4dbc6bc87f34be3cdbdfc18ec1d6a48bf942ed"}
,"F:\\Coding sUcks\\React\\Food-ordering\\src\\Utils\\cartSlice.js": {"path":"F:\\Coding sUcks\\React\\Food-ordering\\src\\Utils\\cartSlice.js","statementMap":{"0":{"start":{"line":3,"column":17},"end":{"line":27,"column":2}},"1":{"start":{"line":12,"column":12},"end":{"line":12,"column":45}},"2":{"start":{"line":15,"column":12},"end":{"line":15,"column":30}},"3":{"start":{"line":21,"column":12},"end":{"line":21,"column":34}},"4":{"start":{"line":29,"column":49},"end":{"line":29,"column":66}}},"fnMap":{"0":{"name":"(anonymous_0)","decl":{"start":{"line":10,"column":17},"end":{"line":10,"column":18}},"loc":{"start":{"line":10,"column":34},"end":{"line":13,"column":9}},"line":10},"1":{"name":"(anonymous_1)","decl":{"start":{"line":14,"column":21},"end":{"line":14,"column":22}},"loc":{"start":{"line":14,"column":38},"end":{"line":16,"column":9}},"line":14},"2":{"name":"(anonymous_2)","decl":{"start":{"line":17,"column":20},"end":{"line":17,"column":21}},"loc":{"start":{"line":17,"column":36},"end":{"line":25,"column":9}},"line":17}},"branchMap":{},"s":{"0":2,"1":2,"2":0,"3":1,"4":2},"f":{"0":2,"1":0,"2":1},"b":{},"_coverageSchema":"1a1c01bbd47fc00a2c39e90264f33305004495a9","hash":"7442e72487780ab338a062ee23eef04f58f157af"}
,"F:\\Coding sUcks\\React\\Food-ordering\\src\\Utils\\constants.js": {"path":"F:\\Coding sUcks\\React\\Food-ordering\\src\\Utils\\constants.js","statementMap":{"0":{"start":{"line":1,"column":23},"end":{"line":1,"column":92}},"1":{"start":{"line":3,"column":21},"end":{"line":3,"column":140}},"2":{"start":{"line":5,"column":24},"end":{"line":5,"column":107}},"3":{"start":{"line":7,"column":22},"end":{"line":7,"column":145}},"4":{"start":{"line":9,"column":27},"end":{"line":9,"column":36679}}},"fnMap":{},"branchMap":{},"s":{"0":4,"1":4,"2":4,"3":4,"4":4},"f":{},"b":{},"_coverageSchema":"1a1c01bbd47fc00a2c39e90264f33305004495a9","hash":"e3780408944286f74395e3e44955f7ae6130a390"}
,"F:\\Coding sUcks\\React\\Food-ordering\\src\\Utils\\mockData.js": {"path":"F:\\Coding sUcks\\React\\Food-ordering\\src\\Utils\\mockData.js","statementMap":{"0":{"start":{"line":1,"column":14},"end":{"line":1763,"column":3}}},"fnMap":{},"branchMap":{},"s":{"0":1},"f":{},"b":{},"_coverageSchema":"1a1c01bbd47fc00a2c39e90264f33305004495a9","hash":"823b419d8faf86cdf0af7b1ce008b54e0eedc62d"}
,"F:\\Coding sUcks\\React\\Food-ordering\\src\\Utils\\useOnlineStatus.js": {"path":"F:\\Coding sUcks\\React\\Food-ordering\\src\\Utils\\useOnlineStatus.js","statementMap":{"0":{"start":{"line":3,"column":22},"end":{"line":18,"column":1}},"1":{"start":{"line":4,"column":41},"end":{"line":4,"column":55}},"2":{"start":{"line":6,"column":4},"end":{"line":15,"column":10}},"3":{"start":{"line":8,"column":8},"end":{"line":10,"column":10}},"4":{"start":{"line":9,"column":12},"end":{"line":9,"column":35}},"5":{"start":{"line":12,"column":8},"end":{"line":14,"column":10}},"6":{"start":{"line":13,"column":12},"end":{"line":13,"column":34}},"7":{"start":{"line":17,"column":4},"end":{"line":17,"column":24}}},"fnMap":{"0":{"name":"(anonymous_0)","decl":{"start":{"line":3,"column":22},"end":{"line":3,"column":23}},"loc":{"start":{"line":3,"column":26},"end":{"line":18,"column":1}},"line":3},"1":{"name":"(anonymous_1)","decl":{"start":{"line":6,"column":14},"end":{"line":6,"column":15}},"loc":{"start":{"line":6,"column":18},"end":{"line":15,"column":5}},"line":6},"2":{"name":"(anonymous_2)","decl":{"start":{"line":8,"column":43},"end":{"line":8,"column":44}},"loc":{"start":{"line":8,"column":47},"end":{"line":10,"column":9}},"line":8},"3":{"name":"(anonymous_3)","decl":{"start":{"line":12,"column":42},"end":{"line":12,"column":43}},"loc":{"start":{"line":12,"column":46},"end":{"line":14,"column":9}},"line":12}},"branchMap":{},"s":{"0":3,"1":16,"2":16,"3":7,"4":0,"5":7,"6":0,"7":16},"f":{"0":16,"1":7,"2":0,"3":0},"b":{},"_coverageSchema":"1a1c01bbd47fc00a2c39e90264f33305004495a9","hash":"a6152f35bde527c46395baaef9326be8e0293d40"}
,"F:\\Coding sUcks\\React\\Food-ordering\\src\\Utils\\useRestuarantMenu.js": {"path":"F:\\Coding sUcks\\React\\Food-ordering\\src\\Utils\\useRestuarantMenu.js","statementMap":{"0":{"start":{"line":4,"column":24},"end":{"line":22,"column":1}},"1":{"start":{"line":5,"column":31},"end":{"line":5,"column":45}},"2":{"start":{"line":7,"column":4},"end":{"line":9,"column":9}},"3":{"start":{"line":8,"column":8},"end":{"line":8,"column":20}},"4":{"start":{"line":11,"column":20},"end":{"line":19,"column":5}},"5":{"start":{"line":12,"column":20},"end":{"line":12,"column":48}},"6":{"start":{"line":13,"column":20},"end":{"line":13,"column":37}},"7":{"start":{"line":17,"column":8},"end":{"line":17,"column":30}},"8":{"start":{"line":21,"column":4},"end":{"line":21,"column":19}}},"fnMap":{"0":{"name":"(anonymous_0)","decl":{"start":{"line":4,"column":24},"end":{"line":4,"column":25}},"loc":{"start":{"line":4,"column":35},"end":{"line":22,"column":1}},"line":4},"1":{"name":"(anonymous_1)","decl":{"start":{"line":7,"column":14},"end":{"line":7,"column":15}},"loc":{"start":{"line":7,"column":18},"end":{"line":9,"column":5}},"line":7},"2":{"name":"(anonymous_2)","decl":{"start":{"line":11,"column":20},"end":{"line":11,"column":21}},"loc":{"start":{"line":11,"column":30},"end":{"line":19,"column":5}},"line":11}},"branchMap":{},"s":{"0":1,"1":3,"2":3,"3":1,"4":3,"5":1,"6":1,"7":1,"8":3},"f":{"0":3,"1":1,"2":1},"b":{},"_coverageSchema":"1a1c01bbd47fc00a2c39e90264f33305004495a9","hash":"b539097b3524c4223919a740d1e875eff453ddd3"}
}
