TN:
SF:src\Components\Body.js
FN:9,(anonymous_0)
FN:80,(anonymous_1)
FN:84,(anonymous_2)
FN:171,(anonymous_3)
FN:174,(anonymous_4)
FN:176,(anonymous_5)
FN:181,(anonymous_6)
FN:183,(anonymous_7)
FN:193,(anonymous_8)
FN:197,(anonymous_9)
FNF:10
FNH:9
FNDA:8,(anonymous_0)
FNDA:2,(anonymous_1)
FNDA:2,(anonymous_2)
FNDA:1,(anonymous_3)
FNDA:1,(anonymous_4)
FNDA:20,(anonymous_5)
FNDA:1,(anonymous_6)
FNDA:20,(anonymous_7)
FNDA:0,(anonymous_8)
FNDA:79,(anonymous_9)
DA:9,1
DA:63,8
DA:64,7
DA:66,7
DA:68,7
DA:80,7
DA:81,2
DA:84,7
DA:85,2
DA:87,2
DA:91,2
DA:92,2
DA:97,7
DA:148,7
DA:150,7
DA:153,7
DA:154,2
DA:157,5
DA:159,5
DA:167,5
DA:172,1
DA:175,1
DA:176,20
DA:178,1
DA:183,20
DA:185,1
DA:193,0
DA:198,79
LF:28
LH:27
BRDA:150,0,0,0
BRDA:150,0,1,7
BRDA:153,1,0,2
BRDA:153,1,1,5
BRDA:199,2,0,0
BRDA:199,2,1,79
BRF:6
BRH:4
end_of_record
TN:
SF:src\Components\Cart.js
FN:6,(anonymous_0)
FN:7,(anonymous_1)
FN:11,(anonymous_2)
FNF:3
FNH:3
FNDA:4,(anonymous_0)
FNDA:8,(anonymous_1)
FNDA:1,(anonymous_2)
DA:6,1
DA:7,8
DA:9,4
DA:11,4
DA:12,1
DA:15,4
LF:6
LH:6
BRDA:22,0,0,4
BRDA:22,0,1,2
BRF:2
BRH:2
end_of_record
TN:
SF:src\Components\ContactUs.js
FN:1,(anonymous_0)
FNF:1
FNH:1
FNDA:4,(anonymous_0)
DA:1,1
DA:2,4
LF:2
LH:2
BRF:0
BRH:0
end_of_record
TN:
SF:src\Components\Header.js
FN:10,(anonymous_0)
FN:17,(anonymous_1)
FN:27,(anonymous_2)
FN:45,(anonymous_3)
FNF:4
FNH:4
FNDA:9,(anonymous_0)
FNDA:6,(anonymous_1)
FNDA:17,(anonymous_2)
FNDA:1,(anonymous_3)
DA:10,2
DA:11,9
DA:17,9
DA:21,9
DA:23,9
DA:27,17
DA:31,9
DA:46,1
LF:8
LH:8
BRDA:39,0,0,9
BRDA:39,0,1,0
BRDA:46,1,0,1
BRDA:46,1,1,0
BRF:4
BRH:2
end_of_record
TN:
SF:src\Components\ItemList.js
FN:5,(anonymous_0)
FN:9,(anonymous_1)
FN:15,(anonymous_2)
FN:27,(anonymous_3)
FNF:4
FNH:4
FNDA:6,(anonymous_0)
FNDA:2,(anonymous_1)
FNDA:25,(anonymous_2)
FNDA:2,(anonymous_3)
DA:5,1
DA:7,6
DA:9,6
DA:11,2
DA:14,6
DA:16,25
DA:27,2
LF:7
LH:7
BRF:0
BRH:0
end_of_record
TN:
SF:src\Components\RestuarantCard.js
FN:5,(anonymous_0)
FN:25,(anonymous_1)
FN:26,(anonymous_2)
FNF:3
FNH:2
FNDA:79,(anonymous_0)
FNDA:7,(anonymous_1)
FNDA:0,(anonymous_2)
DA:5,2
DA:6,79
DA:9,79
DA:10,79
DA:25,2
DA:26,7
DA:27,0
LF:7
LH:6
BRF:0
BRH:0
end_of_record
TN:
SF:src\Components\RestuarantCategory.js
FN:4,(anonymous_0)
FN:9,(anonymous_1)
FNF:2
FNH:2
FNDA:38,(anonymous_0)
FNDA:1,(anonymous_1)
DA:4,1
DA:9,38
DA:11,1
DA:15,38
LF:4
LH:4
BRDA:23,0,0,38
BRDA:23,0,1,2
BRF:2
BRH:2
end_of_record
TN:
SF:src\Components\RestuarantMenu.js
FN:8,(anonymous_0)
FN:37,(anonymous_1)
FN:47,(anonymous_2)
FN:51,(anonymous_3)
FNF:4
FNH:4
FNDA:3,(anonymous_0)
FNDA:50,(anonymous_1)
FNDA:38,(anonymous_2)
FNDA:1,(anonymous_3)
DA:8,1
DA:11,3
DA:13,3
DA:15,3
DA:30,3
DA:33,2
DA:35,2
DA:37,50
DA:42,2
DA:48,38
DA:51,1
LF:11
LH:11
BRDA:30,0,0,1
BRDA:30,0,1,2
BRDA:50,1,0,2
BRDA:50,1,1,36
BRF:4
BRH:4
end_of_record
TN:
SF:src\Components\Shimmer.jsx
FN:1,(anonymous_0)
FNF:1
FNH:1
FNDA:3,(anonymous_0)
DA:1,2
DA:2,3
LF:2
LH:2
BRF:0
BRH:0
end_of_record
TN:
SF:src\Components\sum.js
FN:1,(anonymous_0)
FNF:1
FNH:1
FNDA:1,(anonymous_0)
DA:1,1
DA:2,1
LF:2
LH:2
BRF:0
BRH:0
end_of_record
TN:
SF:src\Utils\UserContext.js
FNF:0
FNH:0
DA:3,3
LF:1
LH:1
BRF:0
BRH:0
end_of_record
TN:
SF:src\Utils\appStore.js
FNF:0
FNH:0
DA:4,2
LF:1
LH:1
BRF:0
BRH:0
end_of_record
TN:
SF:src\Utils\cartSlice.js
FN:10,(anonymous_0)
FN:14,(anonymous_1)
FN:17,(anonymous_2)
FNF:3
FNH:2
FNDA:2,(anonymous_0)
FNDA:0,(anonymous_1)
FNDA:1,(anonymous_2)
DA:3,2
DA:12,2
DA:15,0
DA:21,1
DA:29,2
LF:5
LH:4
BRF:0
BRH:0
end_of_record
TN:
SF:src\Utils\constants.js
FNF:0
FNH:0
DA:1,4
DA:3,4
DA:5,4
DA:7,4
DA:9,4
LF:5
LH:5
BRF:0
BRH:0
end_of_record
TN:
SF:src\Utils\mockData.js
FNF:0
FNH:0
DA:1,1
LF:1
LH:1
BRF:0
BRH:0
end_of_record
TN:
SF:src\Utils\useOnlineStatus.js
FN:3,(anonymous_0)
FN:6,(anonymous_1)
FN:8,(anonymous_2)
FN:12,(anonymous_3)
FNF:4
FNH:2
FNDA:16,(anonymous_0)
FNDA:7,(anonymous_1)
FNDA:0,(anonymous_2)
FNDA:0,(anonymous_3)
DA:3,3
DA:4,16
DA:6,16
DA:8,7
DA:9,0
DA:12,7
DA:13,0
DA:17,16
LF:8
LH:6
BRF:0
BRH:0
end_of_record
TN:
SF:src\Utils\useRestuarantMenu.js
FN:4,(anonymous_0)
FN:7,(anonymous_1)
FN:11,(anonymous_2)
FNF:3
FNH:3
FNDA:3,(anonymous_0)
FNDA:1,(anonymous_1)
FNDA:1,(anonymous_2)
DA:4,1
DA:5,3
DA:7,3
DA:8,1
DA:11,3
DA:12,1
DA:13,1
DA:17,1
DA:21,3
LF:9
LH:9
BRF:0
BRH:0
end_of_record
